mode: set
github.com/tommzn/hdb-datasource-archiver/processor.go:12.79,17.2 1 1
github.com/tommzn/hdb-datasource-archiver/processor.go:20.94,23.43 2 1
github.com/tommzn/hdb-datasource-archiver/processor.go:32.2,32.12 1 1
github.com/tommzn/hdb-datasource-archiver/processor.go:23.43,25.26 2 1
github.com/tommzn/hdb-datasource-archiver/processor.go:25.26,27.18 2 1
github.com/tommzn/hdb-datasource-archiver/processor.go:27.18,29.5 1 1
github.com/tommzn/hdb-datasource-archiver/processor.go:35.82,37.71 1 1
github.com/tommzn/hdb-datasource-archiver/processor.go:37.71,40.3 2 1
github.com/tommzn/hdb-datasource-archiver/processor.go:40.8,42.3 1 1
github.com/tommzn/hdb-datasource-archiver/s3.go:15.61,18.19 2 1
github.com/tommzn/hdb-datasource-archiver/s3.go:21.2,26.8 2 1
github.com/tommzn/hdb-datasource-archiver/s3.go:18.19,20.3 1 0
github.com/tommzn/hdb-datasource-archiver/s3.go:29.74,38.2 2 0
github.com/tommzn/hdb-datasource-archiver/s3.go:40.58,41.32 1 0
github.com/tommzn/hdb-datasource-archiver/s3.go:44.2,44.28 1 0
github.com/tommzn/hdb-datasource-archiver/s3.go:41.32,43.3 1 0
github.com/tommzn/hdb-datasource-archiver/s3.go:47.65,48.32 1 0
github.com/tommzn/hdb-datasource-archiver/s3.go:51.2,51.28 1 0
github.com/tommzn/hdb-datasource-archiver/s3.go:48.32,50.3 1 0
github.com/tommzn/hdb-datasource-archiver/s3.go:54.68,56.26 2 0
github.com/tommzn/hdb-datasource-archiver/s3.go:59.2,59.19 1 0
github.com/tommzn/hdb-datasource-archiver/s3.go:56.26,58.3 1 0
github.com/tommzn/hdb-datasource-archiver/test_helper.go:15.48,17.2 1 1
github.com/tommzn/hdb-datasource-archiver/test_helper.go:19.44,23.2 1 1
github.com/tommzn/hdb-datasource-archiver/test_helper.go:29.83,32.2 2 1
github.com/tommzn/hdb-datasource-archiver/test_helper.go:34.40,40.2 4 1
github.com/tommzn/hdb-datasource-archiver/test_helper.go:42.56,48.2 4 1
github.com/tommzn/hdb-datasource-archiver/test_helper.go:51.33,53.2 1 1
github.com/tommzn/hdb-datasource-archiver/test_helper.go:56.40,59.9 2 1
github.com/tommzn/hdb-datasource-archiver/test_helper.go:62.2,64.15 3 1
github.com/tommzn/hdb-datasource-archiver/test_helper.go:59.9,61.3 1 1
github.com/tommzn/hdb-datasource-archiver/main.go:13.13,16.16 2 0
github.com/tommzn/hdb-datasource-archiver/main.go:19.2,19.29 1 0
github.com/tommzn/hdb-datasource-archiver/main.go:16.16,17.13 1 0
github.com/tommzn/hdb-datasource-archiver/main.go:23.68,26.17 2 1
github.com/tommzn/hdb-datasource-archiver/main.go:33.2,34.16 2 1
github.com/tommzn/hdb-datasource-archiver/main.go:38.2,40.47 3 1
github.com/tommzn/hdb-datasource-archiver/main.go:26.17,28.17 2 0
github.com/tommzn/hdb-datasource-archiver/main.go:28.17,30.4 1 0
github.com/tommzn/hdb-datasource-archiver/main.go:34.16,36.3 1 0
github.com/tommzn/hdb-datasource-archiver/main.go:44.42,47.16 2 0
github.com/tommzn/hdb-datasource-archiver/main.go:51.2,52.16 2 0
github.com/tommzn/hdb-datasource-archiver/main.go:55.2,55.18 1 0
github.com/tommzn/hdb-datasource-archiver/main.go:47.16,49.3 1 0
github.com/tommzn/hdb-datasource-archiver/main.go:52.16,54.3 1 0
github.com/tommzn/hdb-datasource-archiver/main.go:59.49,61.2 1 1
github.com/tommzn/hdb-datasource-archiver/main.go:64.86,66.2 1 1
